Copyright 1986-2022 Xilinx, Inc. All Rights Reserved.
--------------------------------------------------------------------------------------------------------------------------------------------------------------------------------------
| Tool Version : Vivado v.2022.2 (win64) Build 3671981 Fri Oct 14 05:00:03 MDT 2022
| Date         : Tue Mar 21 17:33:53 2023
| Host         : DESKTOP-M1LA9CM running 64-bit major release  (build 9200)
| Command      : report_methodology -file srrc_fir_wrapper_methodology_drc_routed.rpt -pb srrc_fir_wrapper_methodology_drc_routed.pb -rpx srrc_fir_wrapper_methodology_drc_routed.rpx
| Design       : srrc_fir_wrapper
| Device       : xc7z010clg400-1
| Speed File   : -1
| Design State : Fully Routed
--------------------------------------------------------------------------------------------------------------------------------------------------------------------------------------

Report Methodology

Table of Contents
-----------------
1. REPORT SUMMARY
2. REPORT DETAILS

1. REPORT SUMMARY
-----------------
            Netlist: netlist
          Floorplan: design_1
      Design limits: <entire design considered>
             Max violations: <unlimited>
             Violations found: 33
+-----------+----------+-------------------------------+------------+
| Rule      | Severity | Description                   | Violations |
+-----------+----------+-------------------------------+------------+
| TIMING-18 | Warning  | Missing input or output delay | 33         |
+-----------+----------+-------------------------------+------------+

2. REPORT DETAILS
-----------------
TIMING-18#1 Warning
Missing input or output delay  
An input delay is missing on rst relative to clock(s) clock
Related violations: <none>

TIMING-18#2 Warning
Missing input or output delay  
An input delay is missing on x[0] relative to clock(s) clock
Related violations: <none>

TIMING-18#3 Warning
Missing input or output delay  
An input delay is missing on x[10] relative to clock(s) clock
Related violations: <none>

TIMING-18#4 Warning
Missing input or output delay  
An input delay is missing on x[11] relative to clock(s) clock
Related violations: <none>

TIMING-18#5 Warning
Missing input or output delay  
An input delay is missing on x[12] relative to clock(s) clock
Related violations: <none>

TIMING-18#6 Warning
Missing input or output delay  
An input delay is missing on x[13] relative to clock(s) clock
Related violations: <none>

TIMING-18#7 Warning
Missing input or output delay  
An input delay is missing on x[14] relative to clock(s) clock
Related violations: <none>

TIMING-18#8 Warning
Missing input or output delay  
An input delay is missing on x[15] relative to clock(s) clock
Related violations: <none>

TIMING-18#9 Warning
Missing input or output delay  
An input delay is missing on x[1] relative to clock(s) clock
Related violations: <none>

TIMING-18#10 Warning
Missing input or output delay  
An input delay is missing on x[2] relative to clock(s) clock
Related violations: <none>

TIMING-18#11 Warning
Missing input or output delay  
An input delay is missing on x[3] relative to clock(s) clock
Related violations: <none>

TIMING-18#12 Warning
Missing input or output delay  
An input delay is missing on x[4] relative to clock(s) clock
Related violations: <none>

TIMING-18#13 Warning
Missing input or output delay  
An input delay is missing on x[5] relative to clock(s) clock
Related violations: <none>

TIMING-18#14 Warning
Missing input or output delay  
An input delay is missing on x[6] relative to clock(s) clock
Related violations: <none>

TIMING-18#15 Warning
Missing input or output delay  
An input delay is missing on x[7] relative to clock(s) clock
Related violations: <none>

TIMING-18#16 Warning
Missing input or output delay  
An input delay is missing on x[8] relative to clock(s) clock
Related violations: <none>

TIMING-18#17 Warning
Missing input or output delay  
An input delay is missing on x[9] relative to clock(s) clock
Related violations: <none>

TIMING-18#18 Warning
Missing input or output delay  
An output delay is missing on y[0] relative to clock(s) clock
Related violations: <none>

TIMING-18#19 Warning
Missing input or output delay  
An output delay is missing on y[10] relative to clock(s) clock
Related violations: <none>

TIMING-18#20 Warning
Missing input or output delay  
An output delay is missing on y[11] relative to clock(s) clock
Related violations: <none>

TIMING-18#21 Warning
Missing input or output delay  
An output delay is missing on y[12] relative to clock(s) clock
Related violations: <none>

TIMING-18#22 Warning
Missing input or output delay  
An output delay is missing on y[13] relative to clock(s) clock
Related violations: <none>

TIMING-18#23 Warning
Missing input or output delay  
An output delay is missing on y[14] relative to clock(s) clock
Related violations: <none>

TIMING-18#24 Warning
Missing input or output delay  
An output delay is missing on y[15] relative to clock(s) clock
Related violations: <none>

TIMING-18#25 Warning
Missing input or output delay  
An output delay is missing on y[1] relative to clock(s) clock
Related violations: <none>

TIMING-18#26 Warning
Missing input or output delay  
An output delay is missing on y[2] relative to clock(s) clock
Related violations: <none>

TIMING-18#27 Warning
Missing input or output delay  
An output delay is missing on y[3] relative to clock(s) clock
Related violations: <none>

TIMING-18#28 Warning
Missing input or output delay  
An output delay is missing on y[4] relative to clock(s) clock
Related violations: <none>

TIMING-18#29 Warning
Missing input or output delay  
An output delay is missing on y[5] relative to clock(s) clock
Related violations: <none>

TIMING-18#30 Warning
Missing input or output delay  
An output delay is missing on y[6] relative to clock(s) clock
Related violations: <none>

TIMING-18#31 Warning
Missing input or output delay  
An output delay is missing on y[7] relative to clock(s) clock
Related violations: <none>

TIMING-18#32 Warning
Missing input or output delay  
An output delay is missing on y[8] relative to clock(s) clock
Related violations: <none>

TIMING-18#33 Warning
Missing input or output delay  
An output delay is missing on y[9] relative to clock(s) clock
Related violations: <none>


