@0 +0
/srrc_fir_tb/x_tb 0
@28 +1
/srrc_fir_tb/x_tb 2078
@36 +1
/srrc_fir_tb/x_tb 4148
@44 +1
/srrc_fir_tb/x_tb 6201
@52 +1
/srrc_fir_tb/x_tb 8229
@60 +1
/srrc_fir_tb/x_tb 10224
@68 +1
/srrc_fir_tb/x_tb 12178
@76 +1
/srrc_fir_tb/x_tb 14083
@84 +1
/srrc_fir_tb/x_tb 15931
@92 +1
/srrc_fir_tb/x_tb 17715
@100 +1
/srrc_fir_tb/x_tb 19428
@108 +1
/srrc_fir_tb/x_tb 21062
@116 +1
/srrc_fir_tb/x_tb 22612
@124 +1
/srrc_fir_tb/x_tb 24071
@132 +1
/srrc_fir_tb/x_tb 25432
@140 +1
/srrc_fir_tb/x_tb 26692
@148 +1
/srrc_fir_tb/x_tb 27843
@156 +1
/srrc_fir_tb/x_tb 28883
@164 +1
/srrc_fir_tb/x_tb 29806
@172 +1
/srrc_fir_tb/x_tb 30610
@180 +1
/srrc_fir_tb/x_tb 31290
@188 +1
/srrc_fir_tb/x_tb 31844
@196 +1
/srrc_fir_tb/x_tb 32270
@204 +1
/srrc_fir_tb/x_tb 32566
@212 +1
/srrc_fir_tb/x_tb 32730
@220 +1
/srrc_fir_tb/x_tb 32763
@228 +1
/srrc_fir_tb/x_tb 32664
@236 +1
/srrc_fir_tb/x_tb 32434
@244 +1
/srrc_fir_tb/x_tb 32073
@252 +1
/srrc_fir_tb/x_tb 31583
@260 +1
/srrc_fir_tb/x_tb 30965
@268 +1
/srrc_fir_tb/x_tb 30223
@276 +1
/srrc_fir_tb/x_tb 29359
@284 +1
/srrc_fir_tb/x_tb 28377
@292 +1
/srrc_fir_tb/x_tb 27281
@300 +1
/srrc_fir_tb/x_tb 26075
@308 +1
/srrc_fir_tb/x_tb 24764
@316 +1
/srrc_fir_tb/x_tb 23353
@324 +1
/srrc_fir_tb/x_tb 21848
@332 +1
/srrc_fir_tb/x_tb 20255
@340 +1
/srrc_fir_tb/x_tb 18581
@348 +1
/srrc_fir_tb/x_tb 16832
@356 +1
/srrc_fir_tb/x_tb 15015
@364 +1
/srrc_fir_tb/x_tb 13137
@372 +1
/srrc_fir_tb/x_tb 11207
@380 +1
/srrc_fir_tb/x_tb 9231
@388 +1
/srrc_fir_tb/x_tb 7219
@396 +1
/srrc_fir_tb/x_tb 5177
@404 +1
/srrc_fir_tb/x_tb 3114
@412 +1
/srrc_fir_tb/x_tb 1039
@420 +1
/srrc_fir_tb/x_tb -1040
@428 +1
/srrc_fir_tb/x_tb -3115
@436 +1
/srrc_fir_tb/x_tb -5178
@444 +1
/srrc_fir_tb/x_tb -7220
@452 +1
/srrc_fir_tb/x_tb -9232
@460 +1
/srrc_fir_tb/x_tb -11208
@468 +1
/srrc_fir_tb/x_tb -13138
@476 +1
/srrc_fir_tb/x_tb -15016
@484 +1
/srrc_fir_tb/x_tb -16833
@492 +1
/srrc_fir_tb/x_tb -18582
@500 +1
/srrc_fir_tb/x_tb -20256
@508 +1
/srrc_fir_tb/x_tb -21849
@516 +1
/srrc_fir_tb/x_tb -23354
@524 +1
/srrc_fir_tb/x_tb -24765
@532 +1
/srrc_fir_tb/x_tb -26076
@540 +1
/srrc_fir_tb/x_tb -27282
@548 +1
/srrc_fir_tb/x_tb -28378
@556 +1
/srrc_fir_tb/x_tb -29360
@564 +1
/srrc_fir_tb/x_tb -30224
@572 +1
/srrc_fir_tb/x_tb -30966
@580 +1
/srrc_fir_tb/x_tb -31584
@588 +1
/srrc_fir_tb/x_tb -32074
@596 +1
/srrc_fir_tb/x_tb -32435
@604 +1
/srrc_fir_tb/x_tb -32665
@612 +1
/srrc_fir_tb/x_tb -32764
@620 +1
/srrc_fir_tb/x_tb -32731
@628 +1
/srrc_fir_tb/x_tb -32567
@636 +1
/srrc_fir_tb/x_tb -32271
@644 +1
/srrc_fir_tb/x_tb -31845
@652 +1
/srrc_fir_tb/x_tb -31291
@660 +1
/srrc_fir_tb/x_tb -30611
@668 +1
/srrc_fir_tb/x_tb -29807
@676 +1
/srrc_fir_tb/x_tb -28884
@684 +1
/srrc_fir_tb/x_tb -27844
@692 +1
/srrc_fir_tb/x_tb -26693
@700 +1
/srrc_fir_tb/x_tb -25433
@708 +1
/srrc_fir_tb/x_tb -24072
@716 +1
/srrc_fir_tb/x_tb -22613
@724 +1
/srrc_fir_tb/x_tb -21063
@732 +1
/srrc_fir_tb/x_tb -19429
@740 +1
/srrc_fir_tb/x_tb -17716
@748 +1
/srrc_fir_tb/x_tb -15932
@756 +1
/srrc_fir_tb/x_tb -14084
@764 +1
/srrc_fir_tb/x_tb -12179
@772 +1
/srrc_fir_tb/x_tb -10225
@780 +1
/srrc_fir_tb/x_tb -8230
@788 +1
/srrc_fir_tb/x_tb -6202
@796 +1
/srrc_fir_tb/x_tb -4149
@804 +1
/srrc_fir_tb/x_tb -2079
@812 +1
/srrc_fir_tb/x_tb -1
