@4 +0
/srrc_fir_tb/y_tb 0
@28 +1
/srrc_fir_tb/y_tb 0
@36 +1
/srrc_fir_tb/y_tb -18
@44 +1
/srrc_fir_tb/y_tb -50
@52 +1
/srrc_fir_tb/y_tb -67
@60 +1
/srrc_fir_tb/y_tb -39
@68 +1
/srrc_fir_tb/y_tb 5
@76 +1
/srrc_fir_tb/y_tb -29
@84 +1
/srrc_fir_tb/y_tb -226
@92 +1
/srrc_fir_tb/y_tb -532
@100 +1
/srrc_fir_tb/y_tb -673
@108 +1
/srrc_fir_tb/y_tb -211
@116 +1
/srrc_fir_tb/y_tb 1266
@124 +1
/srrc_fir_tb/y_tb 3918
@132 +1
/srrc_fir_tb/y_tb 7566
@140 +1
/srrc_fir_tb/y_tb 11786
@148 +1
/srrc_fir_tb/y_tb 16121
@156 +1
/srrc_fir_tb/y_tb 20281
@164 +1
/srrc_fir_tb/y_tb 24196
@172 +1
/srrc_fir_tb/y_tb 27936
@180 +1
/srrc_fir_tb/y_tb 31580
@188 +1
/srrc_fir_tb/y_tb -30396
@196 +1
/srrc_fir_tb/y_tb -26961
@204 +1
/srrc_fir_tb/y_tb -23697
@212 +1
/srrc_fir_tb/y_tb -20618
@220 +1
/srrc_fir_tb/y_tb -17721
@228 +1
/srrc_fir_tb/y_tb -15016
@236 +1
/srrc_fir_tb/y_tb -12515
@244 +1
/srrc_fir_tb/y_tb -10227
@252 +1
/srrc_fir_tb/y_tb -8162
@260 +1
/srrc_fir_tb/y_tb -6327
@268 +1
/srrc_fir_tb/y_tb -4731
@276 +1
/srrc_fir_tb/y_tb -3380
@284 +1
/srrc_fir_tb/y_tb -2279
@292 +1
/srrc_fir_tb/y_tb -1433
@300 +1
/srrc_fir_tb/y_tb -846
@308 +1
/srrc_fir_tb/y_tb -519
@316 +1
/srrc_fir_tb/y_tb -454
@324 +1
/srrc_fir_tb/y_tb -650
@332 +1
/srrc_fir_tb/y_tb -1108
@340 +1
/srrc_fir_tb/y_tb -1825
@348 +1
/srrc_fir_tb/y_tb -2798
@356 +1
/srrc_fir_tb/y_tb -4025
@364 +1
/srrc_fir_tb/y_tb -5500
@372 +1
/srrc_fir_tb/y_tb -7216
@380 +1
/srrc_fir_tb/y_tb -9166
@388 +1
/srrc_fir_tb/y_tb -11344
@396 +1
/srrc_fir_tb/y_tb -13739
@404 +1
/srrc_fir_tb/y_tb -16344
@412 +1
/srrc_fir_tb/y_tb -19147
@420 +1
/srrc_fir_tb/y_tb -22136
@428 +1
/srrc_fir_tb/y_tb -25300
@436 +1
/srrc_fir_tb/y_tb -28626
@444 +1
/srrc_fir_tb/y_tb -32101
@452 +1
/srrc_fir_tb/y_tb 29826
@460 +1
/srrc_fir_tb/y_tb 26096
@468 +1
/srrc_fir_tb/y_tb 22262
@476 +1
/srrc_fir_tb/y_tb 18337
@484 +1
/srrc_fir_tb/y_tb 14339
@492 +1
/srrc_fir_tb/y_tb 10283
@500 +1
/srrc_fir_tb/y_tb 6186
@508 +1
/srrc_fir_tb/y_tb 2064
@516 +1
/srrc_fir_tb/y_tb -2067
@524 +1
/srrc_fir_tb/y_tb -6189
@532 +1
/srrc_fir_tb/y_tb -10286
@540 +1
/srrc_fir_tb/y_tb -14342
@548 +1
/srrc_fir_tb/y_tb -18340
@556 +1
/srrc_fir_tb/y_tb -22265
@564 +1
/srrc_fir_tb/y_tb -26099
@572 +1
/srrc_fir_tb/y_tb -29829
@580 +1
/srrc_fir_tb/y_tb 32098
@588 +1
/srrc_fir_tb/y_tb 28623
@596 +1
/srrc_fir_tb/y_tb 25297
@604 +1
/srrc_fir_tb/y_tb 22133
@612 +1
/srrc_fir_tb/y_tb 19144
@620 +1
/srrc_fir_tb/y_tb 16341
@628 +1
/srrc_fir_tb/y_tb 13737
@636 +1
/srrc_fir_tb/y_tb 11341
@644 +1
/srrc_fir_tb/y_tb 9163
@652 +1
/srrc_fir_tb/y_tb 7213
@660 +1
/srrc_fir_tb/y_tb 5497
@668 +1
/srrc_fir_tb/y_tb 4022
@676 +1
/srrc_fir_tb/y_tb 2795
@684 +1
/srrc_fir_tb/y_tb 1822
@692 +1
/srrc_fir_tb/y_tb 1105
@700 +1
/srrc_fir_tb/y_tb 647
@708 +1
/srrc_fir_tb/y_tb 451
@716 +1
/srrc_fir_tb/y_tb 516
@724 +1
/srrc_fir_tb/y_tb 843
@732 +1
/srrc_fir_tb/y_tb 1430
@740 +1
/srrc_fir_tb/y_tb 2276
@748 +1
/srrc_fir_tb/y_tb 3377
@756 +1
/srrc_fir_tb/y_tb 4728
@764 +1
/srrc_fir_tb/y_tb 6324
@772 +1
/srrc_fir_tb/y_tb 8159
@780 +1
/srrc_fir_tb/y_tb 10224
@788 +1
/srrc_fir_tb/y_tb 12512
@796 +1
/srrc_fir_tb/y_tb 15013
@804 +1
/srrc_fir_tb/y_tb 17718
@812 +1
/srrc_fir_tb/y_tb 20615
@820 +1
/srrc_fir_tb/y_tb 23694
