@0 +0
/srrc_fir_tb/y_tb 0
@12500 +1
/srrc_fir_tb/y_tb 0
@112500 +1
/srrc_fir_tb/y_tb -9
@137500 +1
/srrc_fir_tb/y_tb -25
@162500 +1
/srrc_fir_tb/y_tb -34
@187500 +1
/srrc_fir_tb/y_tb -20
@212500 +1
/srrc_fir_tb/y_tb 2
@237500 +1
/srrc_fir_tb/y_tb -15
@262500 +1
/srrc_fir_tb/y_tb -113
@287500 +1
/srrc_fir_tb/y_tb -266
@312500 +1
/srrc_fir_tb/y_tb -337
@337500 +1
/srrc_fir_tb/y_tb -106
@362500 +1
/srrc_fir_tb/y_tb 633
@387500 +1
/srrc_fir_tb/y_tb 1959
@412500 +1
/srrc_fir_tb/y_tb 3783
@437500 +1
/srrc_fir_tb/y_tb 5893
@462500 +1
/srrc_fir_tb/y_tb 8060
@487500 +1
/srrc_fir_tb/y_tb 10140
@512500 +1
/srrc_fir_tb/y_tb 12098
@537500 +1
/srrc_fir_tb/y_tb 13968
@562500 +1
/srrc_fir_tb/y_tb 15790
@587500 +1
/srrc_fir_tb/y_tb 17570
@612500 +1
/srrc_fir_tb/y_tb 19287
@637500 +1
/srrc_fir_tb/y_tb 20919
@662500 +1
/srrc_fir_tb/y_tb 22459
@687500 +1
/srrc_fir_tb/y_tb 23907
@712500 +1
/srrc_fir_tb/y_tb 25260
@737500 +1
/srrc_fir_tb/y_tb 26510
@762500 +1
/srrc_fir_tb/y_tb 27654
@787500 +1
/srrc_fir_tb/y_tb 28687
@812500 +1
/srrc_fir_tb/y_tb 29604
@837500 +1
/srrc_fir_tb/y_tb 30402
@862500 +1
/srrc_fir_tb/y_tb 31078
@887500 +1
/srrc_fir_tb/y_tb 31628
@912500 +1
/srrc_fir_tb/y_tb 32051
@937500 +1
/srrc_fir_tb/y_tb 32345
@962500 +1
/srrc_fir_tb/y_tb 32508
@987500 +1
/srrc_fir_tb/y_tb 32541
@1012500 +1
/srrc_fir_tb/y_tb 32443
@1037500 +1
/srrc_fir_tb/y_tb 32214
@1062500 +1
/srrc_fir_tb/y_tb 31855
@1087500 +1
/srrc_fir_tb/y_tb 31369
@1112500 +1
/srrc_fir_tb/y_tb 30755
@1137500 +1
/srrc_fir_tb/y_tb 30018
@1162500 +1
/srrc_fir_tb/y_tb 29160
@1187500 +1
/srrc_fir_tb/y_tb 28185
@1212500 +1
/srrc_fir_tb/y_tb 27096
@1237500 +1
/srrc_fir_tb/y_tb 25898
@1262500 +1
/srrc_fir_tb/y_tb 24596
@1287500 +1
/srrc_fir_tb/y_tb 23194
@1312500 +1
/srrc_fir_tb/y_tb 21700
@1337500 +1
/srrc_fir_tb/y_tb 20118
@1362500 +1
/srrc_fir_tb/y_tb 18455
@1387500 +1
/srrc_fir_tb/y_tb 16717
@1412500 +1
/srrc_fir_tb/y_tb 14913
@1437500 +1
/srrc_fir_tb/y_tb 13048
@1462500 +1
/srrc_fir_tb/y_tb 11131
@1487500 +1
/srrc_fir_tb/y_tb 9168
@1512500 +1
/srrc_fir_tb/y_tb 7169
@1537500 +1
/srrc_fir_tb/y_tb 5141
@1562500 +1
/srrc_fir_tb/y_tb 3093
@1587500 +1
/srrc_fir_tb/y_tb 1032
@1612500 +1
/srrc_fir_tb/y_tb -1034
@1637500 +1
/srrc_fir_tb/y_tb -3095
@1662500 +1
/srrc_fir_tb/y_tb -5143
@1687500 +1
/srrc_fir_tb/y_tb -7171
@1712500 +1
/srrc_fir_tb/y_tb -9170
@1737500 +1
/srrc_fir_tb/y_tb -11133
@1762500 +1
/srrc_fir_tb/y_tb -13050
@1787500 +1
/srrc_fir_tb/y_tb -14915
@1812500 +1
/srrc_fir_tb/y_tb -16719
@1837500 +1
/srrc_fir_tb/y_tb -18457
@1862500 +1
/srrc_fir_tb/y_tb -20120
@1887500 +1
/srrc_fir_tb/y_tb -21702
@1912500 +1
/srrc_fir_tb/y_tb -23196
@1937500 +1
/srrc_fir_tb/y_tb -24598
@1962500 +1
/srrc_fir_tb/y_tb -25900
@1987500 +1
/srrc_fir_tb/y_tb -27098
@2012500 +1
/srrc_fir_tb/y_tb -28187
@2037500 +1
/srrc_fir_tb/y_tb -29162
@2062500 +1
/srrc_fir_tb/y_tb -30020
@2087500 +1
/srrc_fir_tb/y_tb -30757
@2112500 +1
/srrc_fir_tb/y_tb -31371
@2137500 +1
/srrc_fir_tb/y_tb -31857
@2162500 +1
/srrc_fir_tb/y_tb -32216
@2187500 +1
/srrc_fir_tb/y_tb -32445
@2212500 +1
/srrc_fir_tb/y_tb -32543
@2237500 +1
/srrc_fir_tb/y_tb -32510
@2262500 +1
/srrc_fir_tb/y_tb -32347
@2287500 +1
/srrc_fir_tb/y_tb -32053
@2312500 +1
/srrc_fir_tb/y_tb -31630
@2337500 +1
/srrc_fir_tb/y_tb -31080
@2362500 +1
/srrc_fir_tb/y_tb -30404
@2387500 +1
/srrc_fir_tb/y_tb -29606
@2412500 +1
/srrc_fir_tb/y_tb -28689
@2437500 +1
/srrc_fir_tb/y_tb -27656
@2462500 +1
/srrc_fir_tb/y_tb -26512
@2487500 +1
/srrc_fir_tb/y_tb -25262
@2512500 +1
/srrc_fir_tb/y_tb -23909
@2537500 +1
/srrc_fir_tb/y_tb -22461
@2562500 +1
/srrc_fir_tb/y_tb -20921
