@0 +1
/srrc_fir_tb/x_tb 0000
/srrc_fir_tb/y_tb 0000
@28 +1
/srrc_fir_tb/x_tb 081E
/srrc_fir_tb/y_tb 0000
@36 +1
/srrc_fir_tb/x_tb 1034
/srrc_fir_tb/y_tb FFFB
@44 +1
/srrc_fir_tb/x_tb 1839
/srrc_fir_tb/y_tb FFF3
@52 +1
/srrc_fir_tb/x_tb 2025
/srrc_fir_tb/y_tb FFEF
@60 +1
/srrc_fir_tb/x_tb 27F0
/srrc_fir_tb/y_tb FFF6
@68 +1
/srrc_fir_tb/x_tb 2F92
/srrc_fir_tb/y_tb 0001
@76 +1
/srrc_fir_tb/x_tb 3703
/srrc_fir_tb/y_tb FFF8
@84 +1
/srrc_fir_tb/x_tb 3E3B
/srrc_fir_tb/y_tb FFC7
@92 +1
/srrc_fir_tb/x_tb 4533
/srrc_fir_tb/y_tb FF7B
@100 +1
/srrc_fir_tb/x_tb 4BE4
/srrc_fir_tb/y_tb FF57
@108 +1
/srrc_fir_tb/x_tb 5246
/srrc_fir_tb/y_tb FFCB
@116 +1
/srrc_fir_tb/x_tb 5854
/srrc_fir_tb/y_tb 013C
@124 +1
/srrc_fir_tb/x_tb 5E07
/srrc_fir_tb/y_tb 03D3
@132 +1
/srrc_fir_tb/x_tb 6358
/srrc_fir_tb/y_tb 0763
@140 +1
/srrc_fir_tb/x_tb 6844
/srrc_fir_tb/y_tb 0B82
@148 +1
/srrc_fir_tb/x_tb 6CC3
/srrc_fir_tb/y_tb 0FBE
@156 +1
/srrc_fir_tb/x_tb 70D3
/srrc_fir_tb/y_tb 13CE
@164 +1
/srrc_fir_tb/x_tb 746E
/srrc_fir_tb/y_tb 17A1
@172 +1
/srrc_fir_tb/x_tb 7792
/srrc_fir_tb/y_tb 1B48
@180 +1
/srrc_fir_tb/x_tb 7A3A
/srrc_fir_tb/y_tb 1ED7
@188 +1
/srrc_fir_tb/x_tb 7C64
/srrc_fir_tb/y_tb 2251
@196 +1
/srrc_fir_tb/x_tb 7E0E
/srrc_fir_tb/y_tb 25AB
@204 +1
/srrc_fir_tb/x_tb 7F36
/srrc_fir_tb/y_tb 28DB
@212 +1
/srrc_fir_tb/x_tb 7FDA
/srrc_fir_tb/y_tb 2BDD
@220 +1
/srrc_fir_tb/x_tb 7FFB
/srrc_fir_tb/y_tb 2EB1
@228 +1
/srrc_fir_tb/x_tb 7F98
/srrc_fir_tb/y_tb 3156
@236 +1
/srrc_fir_tb/x_tb 7EB2
/srrc_fir_tb/y_tb 33C7
@244 +1
/srrc_fir_tb/x_tb 7D49
/srrc_fir_tb/y_tb 3603
@252 +1
/srrc_fir_tb/x_tb 7B5F
/srrc_fir_tb/y_tb 3807
@260 +1
/srrc_fir_tb/x_tb 78F5
/srrc_fir_tb/y_tb 39D2
@268 +1
/srrc_fir_tb/x_tb 760F
/srrc_fir_tb/y_tb 3B61
@276 +1
/srrc_fir_tb/x_tb 72AF
/srrc_fir_tb/y_tb 3CB3
@284 +1
/srrc_fir_tb/x_tb 6ED9
/srrc_fir_tb/y_tb 3DC6
@292 +1
/srrc_fir_tb/x_tb 6A91
/srrc_fir_tb/y_tb 3E99
@300 +1
/srrc_fir_tb/x_tb 65DB
/srrc_fir_tb/y_tb 3F2C
@308 +1
/srrc_fir_tb/x_tb 60BC
/srrc_fir_tb/y_tb 3F7E
@316 +1
/srrc_fir_tb/x_tb 5B39
/srrc_fir_tb/y_tb 3F8E
@324 +1
/srrc_fir_tb/x_tb 5558
/srrc_fir_tb/y_tb 3F5D
@332 +1
/srrc_fir_tb/x_tb 4F1F
/srrc_fir_tb/y_tb 3EEB
@340 +1
/srrc_fir_tb/x_tb 4895
/srrc_fir_tb/y_tb 3E37
@348 +1
/srrc_fir_tb/x_tb 41C0
/srrc_fir_tb/y_tb 3D44
@356 +1
/srrc_fir_tb/x_tb 3AA7
/srrc_fir_tb/y_tb 3C11
@364 +1
/srrc_fir_tb/x_tb 3351
/srrc_fir_tb/y_tb 3AA1
@372 +1
/srrc_fir_tb/x_tb 2BC7
/srrc_fir_tb/y_tb 38F4
@380 +1
/srrc_fir_tb/x_tb 240F
/srrc_fir_tb/y_tb 370C
@388 +1
/srrc_fir_tb/x_tb 1C33
/srrc_fir_tb/y_tb 34EC
@396 +1
/srrc_fir_tb/x_tb 1439
/srrc_fir_tb/y_tb 3295
@404 +1
/srrc_fir_tb/x_tb 0C2A
/srrc_fir_tb/y_tb 300A
@412 +1
/srrc_fir_tb/x_tb 040F
/srrc_fir_tb/y_tb 2D4D
@420 +1
/srrc_fir_tb/x_tb FBF0
/srrc_fir_tb/y_tb 2A62
@428 +1
/srrc_fir_tb/x_tb F3D5
/srrc_fir_tb/y_tb 274B
@436 +1
/srrc_fir_tb/x_tb EBC6
/srrc_fir_tb/y_tb 240B
@444 +1
/srrc_fir_tb/x_tb E3CC
/srrc_fir_tb/y_tb 20A6
@452 +1
/srrc_fir_tb/x_tb DBF0
/srrc_fir_tb/y_tb 1D20
@460 +1
/srrc_fir_tb/x_tb D438
/srrc_fir_tb/y_tb 197C
@468 +1
/srrc_fir_tb/x_tb CCAE
/srrc_fir_tb/y_tb 15BD
@476 +1
/srrc_fir_tb/x_tb C558
/srrc_fir_tb/y_tb 11E8
@484 +1
/srrc_fir_tb/x_tb BE3F
/srrc_fir_tb/y_tb 0E00
@492 +1
/srrc_fir_tb/x_tb B76A
/srrc_fir_tb/y_tb 0A0A
@500 +1
/srrc_fir_tb/x_tb B0E0
/srrc_fir_tb/y_tb 060A
@508 +1
/srrc_fir_tb/x_tb AAA7
/srrc_fir_tb/y_tb 0204
@516 +1
/srrc_fir_tb/x_tb A4C6
/srrc_fir_tb/y_tb FDFB
@524 +1
/srrc_fir_tb/x_tb 9F43
/srrc_fir_tb/y_tb F9F4
@532 +1
/srrc_fir_tb/x_tb 9A24
/srrc_fir_tb/y_tb F5F4
@540 +1
/srrc_fir_tb/x_tb 956E
/srrc_fir_tb/y_tb F1FE
@548 +1
/srrc_fir_tb/x_tb 9126
/srrc_fir_tb/y_tb EE17
@556 +1
/srrc_fir_tb/x_tb 8D50
/srrc_fir_tb/y_tb EA41
@564 +1
/srrc_fir_tb/x_tb 89F0
/srrc_fir_tb/y_tb E683
@572 +1
/srrc_fir_tb/x_tb 870A
/srrc_fir_tb/y_tb E2DE
@580 +1
/srrc_fir_tb/x_tb 84A0
/srrc_fir_tb/y_tb DF58
@588 +1
/srrc_fir_tb/x_tb 82B6
/srrc_fir_tb/y_tb DBF3
@596 +1
/srrc_fir_tb/x_tb 814D
/srrc_fir_tb/y_tb D8B4
@604 +1
/srrc_fir_tb/x_tb 8067
/srrc_fir_tb/y_tb D59D
@612 +1
/srrc_fir_tb/x_tb 8004
/srrc_fir_tb/y_tb D2B2
@620 +1
/srrc_fir_tb/x_tb 8025
/srrc_fir_tb/y_tb CFF5
@628 +1
/srrc_fir_tb/x_tb 80C9
/srrc_fir_tb/y_tb CD6A
@636 +1
/srrc_fir_tb/x_tb 81F1
/srrc_fir_tb/y_tb CB13
@644 +1
/srrc_fir_tb/x_tb 839B
/srrc_fir_tb/y_tb C8F2
@652 +1
/srrc_fir_tb/x_tb 85C5
/srrc_fir_tb/y_tb C70B
@660 +1
/srrc_fir_tb/x_tb 886D
/srrc_fir_tb/y_tb C55E
@668 +1
/srrc_fir_tb/x_tb 8B91
/srrc_fir_tb/y_tb C3ED
@676 +1
/srrc_fir_tb/x_tb 8F2C
/srrc_fir_tb/y_tb C2BA
@684 +1
/srrc_fir_tb/x_tb 933C
/srrc_fir_tb/y_tb C1C7
@692 +1
/srrc_fir_tb/x_tb 97BB
/srrc_fir_tb/y_tb C114
@700 +1
/srrc_fir_tb/x_tb 9CA7
/srrc_fir_tb/y_tb C0A1
@708 +1
/srrc_fir_tb/x_tb A1F8
/srrc_fir_tb/y_tb C070
@716 +1
/srrc_fir_tb/x_tb A7AB
/srrc_fir_tb/y_tb C081
@724 +1
/srrc_fir_tb/x_tb ADB9
/srrc_fir_tb/y_tb C0D2
@732 +1
/srrc_fir_tb/x_tb B41B
/srrc_fir_tb/y_tb C165
@740 +1
/srrc_fir_tb/x_tb BACC
/srrc_fir_tb/y_tb C239
@748 +1
/srrc_fir_tb/x_tb C1C4
/srrc_fir_tb/y_tb C34C
@756 +1
/srrc_fir_tb/x_tb C8FC
/srrc_fir_tb/y_tb C49E
@764 +1
/srrc_fir_tb/x_tb D06D
/srrc_fir_tb/y_tb C62D
@772 +1
/srrc_fir_tb/x_tb D80F
/srrc_fir_tb/y_tb C7F7
@780 +1
/srrc_fir_tb/x_tb DFDA
/srrc_fir_tb/y_tb C9FC
@788 +1
/srrc_fir_tb/x_tb E7C6
/srrc_fir_tb/y_tb CC38
@796 +1
/srrc_fir_tb/x_tb EFCB
/srrc_fir_tb/y_tb CEA9
@804 +1
/srrc_fir_tb/x_tb F7E1
/srrc_fir_tb/y_tb D14D
@812 +1
/srrc_fir_tb/x_tb FFFF
/srrc_fir_tb/y_tb D421
@820 +1
/srrc_fir_tb/y_tb D723
