@0 +1
/srrc_fir_tb/y_tb 0
@28 +1
/srrc_fir_tb/y_tb 0
@36 +1
/srrc_fir_tb/y_tb -5
@44 +1
/srrc_fir_tb/y_tb -13
@52 +1
/srrc_fir_tb/y_tb -17
@60 +1
/srrc_fir_tb/y_tb -10
@68 +1
/srrc_fir_tb/y_tb 1
@76 +1
/srrc_fir_tb/y_tb -8
@84 +1
/srrc_fir_tb/y_tb -57
@92 +1
/srrc_fir_tb/y_tb -133
@100 +1
/srrc_fir_tb/y_tb -169
@108 +1
/srrc_fir_tb/y_tb -53
@116 +1
/srrc_fir_tb/y_tb 316
@124 +1
/srrc_fir_tb/y_tb 979
@132 +1
/srrc_fir_tb/y_tb 1891
@140 +1
/srrc_fir_tb/y_tb 2946
@148 +1
/srrc_fir_tb/y_tb 4030
@156 +1
/srrc_fir_tb/y_tb 5070
@164 +1
/srrc_fir_tb/y_tb 6049
@172 +1
/srrc_fir_tb/y_tb 6984
@180 +1
/srrc_fir_tb/y_tb 7895
@188 +1
/srrc_fir_tb/y_tb 8785
@196 +1
/srrc_fir_tb/y_tb 9643
@204 +1
/srrc_fir_tb/y_tb 10459
@212 +1
/srrc_fir_tb/y_tb 11229
@220 +1
/srrc_fir_tb/y_tb 11953
@228 +1
/srrc_fir_tb/y_tb 12630
@236 +1
/srrc_fir_tb/y_tb 13255
@244 +1
/srrc_fir_tb/y_tb 13827
@252 +1
/srrc_fir_tb/y_tb 14343
@260 +1
/srrc_fir_tb/y_tb 14802
@268 +1
/srrc_fir_tb/y_tb 15201
@276 +1
/srrc_fir_tb/y_tb 15539
@284 +1
/srrc_fir_tb/y_tb 15814
@292 +1
/srrc_fir_tb/y_tb 16025
@300 +1
/srrc_fir_tb/y_tb 16172
@308 +1
/srrc_fir_tb/y_tb 16254
@316 +1
/srrc_fir_tb/y_tb 16270
@324 +1
/srrc_fir_tb/y_tb 16221
@332 +1
/srrc_fir_tb/y_tb 16107
@340 +1
/srrc_fir_tb/y_tb 15927
@348 +1
/srrc_fir_tb/y_tb 15684
@356 +1
/srrc_fir_tb/y_tb 15377
@364 +1
/srrc_fir_tb/y_tb 15009
@372 +1
/srrc_fir_tb/y_tb 14580
@380 +1
/srrc_fir_tb/y_tb 14092
@388 +1
/srrc_fir_tb/y_tb 13548
@396 +1
/srrc_fir_tb/y_tb 12949
@404 +1
/srrc_fir_tb/y_tb 12298
@412 +1
/srrc_fir_tb/y_tb 11597
@420 +1
/srrc_fir_tb/y_tb 10850
@428 +1
/srrc_fir_tb/y_tb 10059
@436 +1
/srrc_fir_tb/y_tb 9227
@444 +1
/srrc_fir_tb/y_tb 8358
@452 +1
/srrc_fir_tb/y_tb 7456
@460 +1
/srrc_fir_tb/y_tb 6524
@468 +1
/srrc_fir_tb/y_tb 5565
@476 +1
/srrc_fir_tb/y_tb 4584
@484 +1
/srrc_fir_tb/y_tb 3584
@492 +1
/srrc_fir_tb/y_tb 2570
@500 +1
/srrc_fir_tb/y_tb 1546
@508 +1
/srrc_fir_tb/y_tb 516
@516 +1
/srrc_fir_tb/y_tb -517
@524 +1
/srrc_fir_tb/y_tb -1548
@532 +1
/srrc_fir_tb/y_tb -2572
@540 +1
/srrc_fir_tb/y_tb -3586
@548 +1
/srrc_fir_tb/y_tb -4585
@556 +1
/srrc_fir_tb/y_tb -5567
@564 +1
/srrc_fir_tb/y_tb -6525
@572 +1
/srrc_fir_tb/y_tb -7458
@580 +1
/srrc_fir_tb/y_tb -8360
@588 +1
/srrc_fir_tb/y_tb -9229
@596 +1
/srrc_fir_tb/y_tb -10060
@604 +1
/srrc_fir_tb/y_tb -10851
@612 +1
/srrc_fir_tb/y_tb -11598
@620 +1
/srrc_fir_tb/y_tb -12299
@628 +1
/srrc_fir_tb/y_tb -12950
@636 +1
/srrc_fir_tb/y_tb -13549
@644 +1
/srrc_fir_tb/y_tb -14094
@652 +1
/srrc_fir_tb/y_tb -14581
@660 +1
/srrc_fir_tb/y_tb -15010
@668 +1
/srrc_fir_tb/y_tb -15379
@676 +1
/srrc_fir_tb/y_tb -15686
@684 +1
/srrc_fir_tb/y_tb -15929
@692 +1
/srrc_fir_tb/y_tb -16108
@700 +1
/srrc_fir_tb/y_tb -16223
@708 +1
/srrc_fir_tb/y_tb -16272
@716 +1
/srrc_fir_tb/y_tb -16255
@724 +1
/srrc_fir_tb/y_tb -16174
@732 +1
/srrc_fir_tb/y_tb -16027
@740 +1
/srrc_fir_tb/y_tb -15815
@748 +1
/srrc_fir_tb/y_tb -15540
@756 +1
/srrc_fir_tb/y_tb -15202
@764 +1
/srrc_fir_tb/y_tb -14803
@772 +1
/srrc_fir_tb/y_tb -14345
@780 +1
/srrc_fir_tb/y_tb -13828
@788 +1
/srrc_fir_tb/y_tb -13256
@796 +1
/srrc_fir_tb/y_tb -12631
@804 +1
/srrc_fir_tb/y_tb -11955
@812 +1
/srrc_fir_tb/y_tb -11231
@820 +1
/srrc_fir_tb/y_tb -10461
